app/seeds.txt
android.support.v4.print.PrintHelper$PrintHelperKitkatImpl
android.support.v4.print.PrintHelper$PrintHelperKitkatImpl: android.support.v4.print.PrintHelperKitkat mPrintHelper
android.support.v4.print.PrintHelper$PrintHelperKitkatImpl: PrintHelper$PrintHelperKitkatImpl(android.content.Context)
android.support.v4.print.PrintHelper$PrintHelperKitkatImpl: void setScaleMode(int)
android.support.v4.print.PrintHelper$PrintHelperKitkatImpl: int getScaleMode()
android.support.v4.print.PrintHelper$PrintHelperKitkatImpl: void setColorMode(int)
android.support.v4.print.PrintHelper$PrintHelperKitkatImpl: int getColorMode()
android.support.v4.print.PrintHelper$PrintHelperKitkatImpl: void setOrientation(int)
android.support.v4.print.PrintHelper$PrintHelperKitkatImpl: int getOrientation()
android.support.v4.print.PrintHelper$PrintHelperKitkatImpl: void printBitmap(java.lang.String,android.graphics.Bitmap,android.support.v4.print.PrintHelper$OnPrintFinishCallback)
android.support.v4.print.PrintHelper$PrintHelperKitkatImpl: void printBitmap(java.lang.String,android.net.Uri,android.support.v4.print.PrintHelper$OnPrintFinishCallback)
android.support.v4.print.PrintHelper$PrintHelperKitkatImpl$1
android.support.v4.print.PrintHelper$PrintHelperKitkatImpl$1: android.support.v4.print.PrintHelper$OnPrintFinishCallback val$callback
android.support.v4.print.PrintHelper$PrintHelperKitkatImpl$1: android.support.v4.print.PrintHelper$PrintHelperKitkatImpl this$0
android.support.v4.print.PrintHelper$PrintHelperKitkatImpl$1: PrintHelper$PrintHelperKitkatImpl$1(android.support.v4.print.PrintHelper$PrintHelperKitkatImpl,android.support.v4.print.PrintHelper$OnPrintFinishCallback)
android.support.v4.print.PrintHelper$PrintHelperKitkatImpl$1: void onFinish()
android.support.v4.print.PrintHelper$PrintHelperKitkatImpl$2
android.support.v4.print.PrintHelper$PrintHelperKitkatImpl$2: android.support.v4.print.PrintHelper$OnPrintFinishCallback val$callback
android.support.v4.print.PrintHelper$PrintHelperKitkatImpl$2: android.support.v4.print.PrintHelper$PrintHelperKitkatImpl this$0
android.support.v4.print.PrintHelper$PrintHelperKitkatImpl$2: PrintHelper$PrintHelperKitkatImpl$2(android.support.v4.print.PrintHelper$PrintHelperKitkatImpl,android.support.v4.print.PrintHelper$OnPrintFinishCallback)
android.support.v4.print.PrintHelper$PrintHelperKitkatImpl$2: void onFinish()
android.support.v4.print.PrintHelper$PrintHelperStubImpl
android.support.v4.print.PrintHelper$PrintHelperStubImpl: int mScaleMode
android.support.v4.print.PrintHelper$PrintHelperStubImpl: int mColorMode
android.support.v4.print.PrintHelper$PrintHelperStubImpl: int mOrientation
android.support.v4.print.PrintHelper$PrintHelperStubImpl: PrintHelper$PrintHelperStubImpl()
android.support.v4.print.PrintHelper$PrintHelperStubImpl: void setScaleMode(int)
android.support.v4.print.PrintHelper$PrintHelperStubImpl: int getColorMode()
android.support.v4.print.PrintHelper$PrintHelperStubImpl: void setColorMode(int)
android.support.v4.print.PrintHelper$PrintHelperStubImpl: void setOrientation(int)
android.support.v4.print.PrintHelper$PrintHelperStubImpl: int getOrientation()
android.support.v4.print.PrintHelper$PrintHelperStubImpl: int getScaleMode()
android.support.v4.print.PrintHelper$PrintHelperStubImpl: void printBitmap(java.lang.String,android.graphics.Bitmap,android.support.v4.print.PrintHelper$OnPrintFinishCallback)
android.support.v4.print.PrintHelper$PrintHelperStubImpl: void printBitmap(java.lang.String,android.net.Uri,android.support.v4.print.PrintHelper$OnPrintFinishCallback)
android.support.v4.print.PrintHelper$PrintHelperStubImpl: PrintHelper$PrintHelperStubImpl(android.support.v4.print.PrintHelper$1)